# JRE version: 7.0_05-b06
# Java VM: Java HotSpot(TM) 64-Bit Server VM (23.1-b03 mixed mode windows-amd64 compressed oops)
Heap
 PSYoungGen      total 8192K, used 3066K [0x00000000d6ab0000, 0x00000000d74c0000, 0x0000000000000000)
  eden space 6080K, 27% used [0x00000000d6ab0000,0x00000000d6c4e808,0x00000000d70a0000)
  from space 2112K, 66% used [0x00000000d72b0000,0x00000000d7410000,0x00000000d74c0000)
  to   space 2112K, 0% used [0x00000000d70a0000,0x00000000d70a0000,0x00000000d72b0000)
 ParOldGen       total 166208K, used 164171K [0x0000000084000000, 0x000000008e250000, 0x00000000d6ab0000)
  object space 166208K, 98% used [0x0000000084000000,0x000000008e052e68,0x000000008e250000)
 PSPermGen       total 83968K, used 15811K [0x000000007ee00000, 0x0000000084000000, 0x0000000084000000)
  object space 83968K, 18% used [0x000000007ee00000,0x000000007fd70d90,0x0000000084000000)
GC Heap History (10 events):
Event: 2125.061 GC heap before
{Heap before GC invocations=805 (full 7):
 PSYoungGen      total 7488K, used 7488K [0x00000000d6ab0000, 0x00000000d7540000, 0x0000000000000000)
  eden space 6080K, 100% used [0x00000000d6ab0000,0x00000000d70a0000,0x00000000d70a0000)
  from space 1408K, 100% used [0x00000000d70a0000,0x00000000d7200000,0x00000000d7200000)
  to   space 2368K, 0% used [0x00000000d72f0000,0x00000000d72f0000,0x00000000d7540000)
 ParOldGen       total 166208K, used 163147K [0x0000000084000000, 0x000000008e250000, 0x00000000d6ab0000)
  object space 166208K, 98% used [0x0000000084000000,0x000000008df52e68,0x000000008e250000)
 PSPermGen       total 83968K, used 15811K [0x000000007ee00000, 0x0000000084000000, 0x0000000084000000)
  object space 83968K, 18% used [0x000000007ee00000,0x000000007fd70d90,0x0000000084000000)
Event: 2125.068 GC heap after
Heap after GC invocations=805 (full 7):
 PSYoungGen      total 8320K, used 1408K [0x00000000d6ab0000, 0x00000000d7520000, 0x0000000000000000)
  eden space 6080K, 0% used [0x00000000d6ab0000,0x00000000d6ab0000,0x00000000d70a0000)
  from space 2240K, 62% used [0x00000000d72f0000,0x00000000d7450000,0x00000000d7520000)
  to   space 2304K, 0% used [0x00000000d70a0000,0x00000000d70a0000,0x00000000d72e0000)
 ParOldGen       total 166208K, used 163363K [0x0000000084000000, 0x000000008e250000, 0x00000000d6ab0000)
  object space 166208K, 98% used [0x0000000084000000,0x000000008df88e68,0x000000008e250000)
 PSPermGen       total 83968K, used 15811K [0x000000007ee00000, 0x0000000084000000, 0x0000000084000000)
  object space 83968K, 18% used [0x000000007ee00000,0x000000007fd70d90,0x0000000084000000)
}
Event: 2127.191 GC heap before
{Heap before GC invocations=806 (full 7):
 PSYoungGen      total 8320K, used 7488K [0x00000000d6ab0000, 0x00000000d7520000, 0x0000000000000000)
  eden space 6080K, 100% used [0x00000000d6ab0000,0x00000000d70a0000,0x00000000d70a0000)
  from space 2240K, 62% used [0x00000000d72f0000,0x00000000d7450000,0x00000000d7520000)
  to   space 2304K, 0% used [0x00000000d70a0000,0x00000000d70a0000,0x00000000d72e0000)
 ParOldGen       total 166208K, used 163363K [0x0000000084000000, 0x000000008e250000, 0x00000000d6ab0000)
  object space 166208K, 98% used [0x0000000084000000,0x000000008df88e68,0x000000008e250000)
 PSPermGen       total 83968K, used 15811K [0x000000007ee00000, 0x0000000084000000, 0x0000000084000000)
  object space 83968K, 18% used [0x000000007ee00000,0x000000007fd70d90,0x0000000084000000)
Event: 2127.209 GC heap after
Heap after GC invocations=806 (full 7):
 PSYoungGen      total 7552K, used 1440K [0x00000000d6ab0000, 0x00000000d7500000, 0x0000000000000000)
  eden space 6080K, 0% used [0x00000000d6ab0000,0x00000000d6ab0000,0x00000000d70a0000)
  from space 1472K, 97% used [0x00000000d70a0000,0x00000000d7208000,0x00000000d7210000)
  to   space 2240K, 0% used [0x00000000d72d0000,0x00000000d72d0000,0x00000000d7500000)
 ParOldGen       total 166208K, used 163571K [0x0000000084000000, 0x000000008e250000, 0x00000000d6ab0000)
  object space 166208K, 98% used [0x0000000084000000,0x000000008dfbce68,0x000000008e250000)
 PSPermGen       total 83968K, used 15811K [0x000000007ee00000, 0x0000000084000000, 0x0000000084000000)
  object space 83968K, 18% used [0x000000007ee00000,0x000000007fd70d90,0x0000000084000000)
}
Event: 2129.678 GC heap before
{Heap before GC invocations=807 (full 7):
 PSYoungGen      total 7552K, used 7520K [0x00000000d6ab0000, 0x00000000d7500000, 0x0000000000000000)
  eden space 6080K, 100% used [0x00000000d6ab0000,0x00000000d70a0000,0x00000000d70a0000)
  from space 1472K, 97% used [0x00000000d70a0000,0x00000000d7208000,0x00000000d7210000)
  to   space 2240K, 0% used [0x00000000d72d0000,0x00000000d72d0000,0x00000000d7500000)
 ParOldGen       total 166208K, used 163571K [0x0000000084000000, 0x000000008e250000, 0x00000000d6ab0000)
  object space 166208K, 98% used [0x0000000084000000,0x000000008dfbce68,0x000000008e250000)
 PSPermGen       total 83968K, used 15811K [0x000000007ee00000, 0x0000000084000000, 0x0000000084000000)
  object space 83968K, 18% used [0x000000007ee00000,0x000000007fd70d90,0x0000000084000000)
Event: 2129.682 GC heap after
Heap after GC invocations=807 (full 7):
 PSYoungGen      total 8192K, used 1216K [0x00000000d6ab0000, 0x00000000d74e0000, 0x0000000000000000)
  eden space 6080K, 0% used [0x00000000d6ab0000,0x00000000d6ab0000,0x00000000d70a0000)
  from space 2112K, 57% used [0x00000000d72d0000,0x00000000d7400000,0x00000000d74e0000)
  to   space 2176K, 0% used [0x00000000d70a0000,0x00000000d70a0000,0x00000000d72c0000)
 ParOldGen       total 166208K, used 163963K [0x0000000084000000, 0x000000008e250000, 0x00000000d6ab0000)
  object space 166208K, 98% used [0x0000000084000000,0x000000008e01ee68,0x000000008e250000)
 PSPermGen       total 83968K, used 15811K [0x000000007ee00000, 0x0000000084000000, 0x0000000084000000)
  object space 83968K, 18% used [0x000000007ee00000,0x000000007fd70d90,0x0000000084000000)
}
Event: 2133.209 GC heap before
{Heap before GC invocations=808 (full 7):
 PSYoungGen      total 8192K, used 7296K [0x00000000d6ab0000, 0x00000000d74e0000, 0x0000000000000000)
  eden space 6080K, 100% used [0x00000000d6ab0000,0x00000000d70a0000,0x00000000d70a0000)
  from space 2112K, 57% used [0x00000000d72d0000,0x00000000d7400000,0x00000000d74e0000)
  to   space 2176K, 0% used [0x00000000d70a0000,0x00000000d70a0000,0x00000000d72c0000)
 ParOldGen       total 166208K, used 163963K [0x0000000084000000, 0x000000008e250000, 0x00000000d6ab0000)
  object space 166208K, 98% used [0x0000000084000000,0x000000008e01ee68,0x000000008e250000)
 PSPermGen       total 83968K, used 15811K [0x000000007ee00000, 0x0000000084000000, 0x0000000084000000)
  object space 83968K, 18% used [0x000000007ee00000,0x000000007fd70d90,0x0000000084000000)
Event: 2133.214 GC heap after
Heap after GC invocations=808 (full 7):
 PSYoungGen      total 7296K, used 1216K [0x00000000d6ab0000, 0x00000000d74c0000, 0x0000000000000000)
  eden space 6080K, 0% used [0x00000000d6ab0000,0x00000000d6ab0000,0x00000000d70a0000)
  from space 1216K, 100% used [0x00000000d70a0000,0x00000000d71d0000,0x00000000d71d0000)
  to   space 2112K, 0% used [0x00000000d72b0000,0x00000000d72b0000,0x00000000d74c0000)
 ParOldGen       total 166208K, used 164171K [0x0000000084000000, 0x000000008e250000, 0x00000000d6ab0000)
  object space 166208K, 98% used [0x0000000084000000,0x000000008e052e68,0x000000008e250000)
 PSPermGen       total 83968K, used 15811K [0x000000007ee00000, 0x0000000084000000, 0x0000000084000000)
  object space 83968K, 18% used [0x000000007ee00000,0x000000007fd70d90,0x0000000084000000)
}
Event: 2136.833 GC heap before
{Heap before GC invocations=809 (full 7):
 PSYoungGen      total 7296K, used 7296K [0x00000000d6ab0000, 0x00000000d74c0000, 0x0000000000000000)
  eden space 6080K, 100% used [0x00000000d6ab0000,0x00000000d70a0000,0x00000000d70a0000)
  from space 1216K, 100% used [0x00000000d70a0000,0x00000000d71d0000,0x00000000d71d0000)
  to   space 2112K, 0% used [0x00000000d72b0000,0x00000000d72b0000,0x00000000d74c0000)
 ParOldGen       total 166208K, used 164171K [0x0000000084000000, 0x000000008e250000, 0x00000000d6ab0000)
  object space 166208K, 98% used [0x0000000084000000,0x000000008e052e68,0x000000008e250000)
 PSPermGen       total 83968K, used 15811K [0x000000007ee00000, 0x0000000084000000, 0x0000000084000000)
  object space 83968K, 18% used [0x000000007ee00000,0x000000007fd70d90,0x0000000084000000)
Event: 2136.843 GC heap after
Heap after GC invocations=809 (full 7):
 PSYoungGen      total 8192K, used 1408K [0x00000000d6ab0000, 0x00000000d74c0000, 0x0000000000000000)
  eden space 6080K, 0% used [0x00000000d6ab0000,0x00000000d6ab0000,0x00000000d70a0000)
  from space 2112K, 66% used [0x00000000d72b0000,0x00000000d7410000,0x00000000d74c0000)
  to   space 2112K, 0% used [0x00000000d70a0000,0x00000000d70a0000,0x00000000d72b0000)
 ParOldGen       total 166208K, used 164171K [0x0000000084000000, 0x000000008e250000, 0x00000000d6ab0000)
  object space 166208K, 98% used [0x0000000084000000,0x000000008e052e68,0x000000008e250000)
 PSPermGen       total 83968K, used 15811K [0x000000007ee00000, 0x0000000084000000, 0x0000000084000000)
  object space 83968K, 18% used [0x000000007ee00000,0x000000007fd70d90,0x0000000084000000)
}

